2023-11-10T02:20:27+00:00 CRITICAL Uncaught Error: Cannot use object of type stdClass as array in C:\xampp\htdocs\vta\wp-includes\class-walker-nav-menu.php:273
Stack trace:
#0 C:\xampp\htdocs\vta\wp-includes\class-wp-walker.php(147): Walker_Nav_Menu->start_el('<li id="menu-it...', Object(WP_Post), 0, Object(stdClass))
#1 C:\xampp\htdocs\vta\wp-content\themes\grandtour\lib\menu.lib.php(28): Walker->display_element(Object(WP_Post), Array, 0, 0, Array, '<li id="menu-it...')
#2 C:\xampp\htdocs\vta\wp-includes\class-wp-walker.php(247): grandtour_walker->display_element(Object(WP_Post), Array, 0, 0, Array, '<li id="menu-it...')
#3 C:\xampp\htdocs\vta\wp-includes\nav-menu-template.php(616): Walker->walk(Array, 0, Object(stdClass))
#4 C:\xampp\htdocs\vta\wp-includes\nav-menu-template.php(236): walk_nav_menu_tree(Array, 0, Object(stdClass))
#5 C:\xampp\htdocs\vta\wp-content\themes\grandtour\templates\template-topmenu-left.php(316): wp_nav_menu(Object(stdClass))
#6 C:\xampp\htdocs\vta\wp-includes\template.php(792): require('C:\\xampp\\htdocs...')
#7 C:\xampp\htdocs\vta\wp-includes\template.php(725): load_template('C:\\xampp\\htdocs...', false, Array)
#8 C:\xampp\htdocs\vta\wp-includes\general-template.php(206): locate_template(Array, true, false, Array)
#9 C:\xampp\htdocs\vta\wp-content\themes\grandtour\header.php(378): get_template_part('/templates/temp...')
#10 C:\xampp\htdocs\vta\wp-includes\template.php(790): require_once('C:\\xampp\\htdocs...')
#11 C:\xampp\htdocs\vta\wp-includes\template.php(725): load_template('C:\\xampp\\htdocs...', true, Array)
#12 C:\xampp\htdocs\vta\wp-includes\general-template.php(48): locate_template(Array, true, true, Array)
#13 C:\xampp\htdocs\vta\wp-content\themes\grandtour\page.php(48): get_header()
#14 C:\xampp\htdocs\vta\wp-includes\template-loader.php(106): include('C:\\xampp\\htdocs...')
#15 C:\xampp\htdocs\vta\wp-blog-header.php(19): require_once('C:\\xampp\\htdocs...')
#16 C:\xampp\htdocs\vta\index.php(17): require('C:\\xampp\\htdocs...')
#17 {main}
  thrown in C:\xampp\htdocs\vta\wp-includes\class-walker-nav-menu.php on line 273

2023-11-10T02:20:34+00:00 CRITICAL Uncaught Error: Cannot use object of type stdClass as array in C:\xampp\htdocs\vta\wp-includes\class-walker-nav-menu.php:273
Stack trace:
#0 C:\xampp\htdocs\vta\wp-includes\class-wp-walker.php(147): Walker_Nav_Menu->start_el('<li id="menu-it...', Object(WP_Post), 0, Object(stdClass))
#1 C:\xampp\htdocs\vta\wp-content\themes\grandtour\lib\menu.lib.php(28): Walker->display_element(Object(WP_Post), Array, 0, 0, Array, '<li id="menu-it...')
#2 C:\xampp\htdocs\vta\wp-includes\class-wp-walker.php(247): grandtour_walker->display_element(Object(WP_Post), Array, 0, 0, Array, '<li id="menu-it...')
#3 C:\xampp\htdocs\vta\wp-includes\nav-menu-template.php(616): Walker->walk(Array, 0, Object(stdClass))
#4 C:\xampp\htdocs\vta\wp-includes\nav-menu-template.php(236): walk_nav_menu_tree(Array, 0, Object(stdClass))
#5 C:\xampp\htdocs\vta\wp-content\themes\grandtour\templates\template-topmenu-left.php(316): wp_nav_menu(Object(stdClass))
#6 C:\xampp\htdocs\vta\wp-includes\template.php(792): require('C:\\xampp\\htdocs...')
#7 C:\xampp\htdocs\vta\wp-includes\template.php(725): load_template('C:\\xampp\\htdocs...', false, Array)
#8 C:\xampp\htdocs\vta\wp-includes\general-template.php(206): locate_template(Array, true, false, Array)
#9 C:\xampp\htdocs\vta\wp-content\themes\grandtour\header.php(378): get_template_part('/templates/temp...')
#10 C:\xampp\htdocs\vta\wp-includes\template.php(790): require_once('C:\\xampp\\htdocs...')
#11 C:\xampp\htdocs\vta\wp-includes\template.php(725): load_template('C:\\xampp\\htdocs...', true, Array)
#12 C:\xampp\htdocs\vta\wp-includes\general-template.php(48): locate_template(Array, true, true, Array)
#13 C:\xampp\htdocs\vta\wp-content\themes\grandtour\page.php(48): get_header()
#14 C:\xampp\htdocs\vta\wp-includes\template-loader.php(106): include('C:\\xampp\\htdocs...')
#15 C:\xampp\htdocs\vta\wp-blog-header.php(19): require_once('C:\\xampp\\htdocs...')
#16 C:\xampp\htdocs\vta\index.php(17): require('C:\\xampp\\htdocs...')
#17 {main}
  thrown in C:\xampp\htdocs\vta\wp-includes\class-walker-nav-menu.php on line 273

2023-11-10T02:20:42+00:00 CRITICAL Uncaught Error: Cannot use object of type stdClass as array in C:\xampp\htdocs\vta\wp-includes\class-walker-nav-menu.php:273
Stack trace:
#0 C:\xampp\htdocs\vta\wp-includes\class-wp-walker.php(147): Walker_Nav_Menu->start_el('<li id="menu-it...', Object(WP_Post), 0, Object(stdClass))
#1 C:\xampp\htdocs\vta\wp-content\themes\grandtour\lib\menu.lib.php(28): Walker->display_element(Object(WP_Post), Array, 0, 0, Array, '<li id="menu-it...')
#2 C:\xampp\htdocs\vta\wp-includes\class-wp-walker.php(247): grandtour_walker->display_element(Object(WP_Post), Array, 0, 0, Array, '<li id="menu-it...')
#3 C:\xampp\htdocs\vta\wp-includes\nav-menu-template.php(616): Walker->walk(Array, 0, Object(stdClass))
#4 C:\xampp\htdocs\vta\wp-includes\nav-menu-template.php(236): walk_nav_menu_tree(Array, 0, Object(stdClass))
#5 C:\xampp\htdocs\vta\wp-content\themes\grandtour\templates\template-topmenu-left.php(316): wp_nav_menu(Object(stdClass))
#6 C:\xampp\htdocs\vta\wp-includes\template.php(792): require('C:\\xampp\\htdocs...')
#7 C:\xampp\htdocs\vta\wp-includes\template.php(725): load_template('C:\\xampp\\htdocs...', false, Array)
#8 C:\xampp\htdocs\vta\wp-includes\general-template.php(206): locate_template(Array, true, false, Array)
#9 C:\xampp\htdocs\vta\wp-content\themes\grandtour\header.php(378): get_template_part('/templates/temp...')
#10 C:\xampp\htdocs\vta\wp-includes\template.php(790): require_once('C:\\xampp\\htdocs...')
#11 C:\xampp\htdocs\vta\wp-includes\template.php(725): load_template('C:\\xampp\\htdocs...', true, Array)
#12 C:\xampp\htdocs\vta\wp-includes\general-template.php(48): locate_template(Array, true, true, Array)
#13 C:\xampp\htdocs\vta\wp-content\themes\grandtour\page.php(48): get_header()
#14 C:\xampp\htdocs\vta\wp-includes\template-loader.php(106): include('C:\\xampp\\htdocs...')
#15 C:\xampp\htdocs\vta\wp-blog-header.php(19): require_once('C:\\xampp\\htdocs...')
#16 C:\xampp\htdocs\vta\index.php(17): require('C:\\xampp\\htdocs...')
#17 {main}
  thrown in C:\xampp\htdocs\vta\wp-includes\class-walker-nav-menu.php on line 273

2023-11-10T02:20:46+00:00 CRITICAL Uncaught Error: Cannot use object of type stdClass as array in C:\xampp\htdocs\vta\wp-includes\class-walker-nav-menu.php:273
Stack trace:
#0 C:\xampp\htdocs\vta\wp-includes\class-wp-walker.php(147): Walker_Nav_Menu->start_el('<li id="menu-it...', Object(WP_Post), 0, Object(stdClass))
#1 C:\xampp\htdocs\vta\wp-content\themes\grandtour\lib\menu.lib.php(28): Walker->display_element(Object(WP_Post), Array, 0, 0, Array, '<li id="menu-it...')
#2 C:\xampp\htdocs\vta\wp-includes\class-wp-walker.php(247): grandtour_walker->display_element(Object(WP_Post), Array, 0, 0, Array, '<li id="menu-it...')
#3 C:\xampp\htdocs\vta\wp-includes\nav-menu-template.php(616): Walker->walk(Array, 0, Object(stdClass))
#4 C:\xampp\htdocs\vta\wp-includes\nav-menu-template.php(236): walk_nav_menu_tree(Array, 0, Object(stdClass))
#5 C:\xampp\htdocs\vta\wp-content\themes\grandtour\templates\template-topmenu-left.php(316): wp_nav_menu(Object(stdClass))
#6 C:\xampp\htdocs\vta\wp-includes\template.php(792): require('C:\\xampp\\htdocs...')
#7 C:\xampp\htdocs\vta\wp-includes\template.php(725): load_template('C:\\xampp\\htdocs...', false, Array)
#8 C:\xampp\htdocs\vta\wp-includes\general-template.php(206): locate_template(Array, true, false, Array)
#9 C:\xampp\htdocs\vta\wp-content\themes\grandtour\header.php(378): get_template_part('/templates/temp...')
#10 C:\xampp\htdocs\vta\wp-includes\template.php(790): require_once('C:\\xampp\\htdocs...')
#11 C:\xampp\htdocs\vta\wp-includes\template.php(725): load_template('C:\\xampp\\htdocs...', true, Array)
#12 C:\xampp\htdocs\vta\wp-includes\general-template.php(48): locate_template(Array, true, true, Array)
#13 C:\xampp\htdocs\vta\wp-content\themes\grandtour\page.php(48): get_header()
#14 C:\xampp\htdocs\vta\wp-includes\template-loader.php(106): include('C:\\xampp\\htdocs...')
#15 C:\xampp\htdocs\vta\wp-blog-header.php(19): require_once('C:\\xampp\\htdocs...')
#16 C:\xampp\htdocs\vta\index.php(17): require('C:\\xampp\\htdocs...')
#17 {main}
  thrown in C:\xampp\htdocs\vta\wp-includes\class-walker-nav-menu.php on line 273

2023-11-10T02:20:52+00:00 CRITICAL Uncaught Error: Cannot use object of type stdClass as array in C:\xampp\htdocs\vta\wp-includes\class-walker-nav-menu.php:273
Stack trace:
#0 C:\xampp\htdocs\vta\wp-includes\class-wp-walker.php(147): Walker_Nav_Menu->start_el('<li id="menu-it...', Object(WP_Post), 0, Object(stdClass))
#1 C:\xampp\htdocs\vta\wp-content\themes\grandtour\lib\menu.lib.php(28): Walker->display_element(Object(WP_Post), Array, 0, 0, Array, '<li id="menu-it...')
#2 C:\xampp\htdocs\vta\wp-includes\class-wp-walker.php(247): grandtour_walker->display_element(Object(WP_Post), Array, 0, 0, Array, '<li id="menu-it...')
#3 C:\xampp\htdocs\vta\wp-includes\nav-menu-template.php(616): Walker->walk(Array, 0, Object(stdClass))
#4 C:\xampp\htdocs\vta\wp-includes\nav-menu-template.php(236): walk_nav_menu_tree(Array, 0, Object(stdClass))
#5 C:\xampp\htdocs\vta\wp-content\themes\grandtour\templates\template-topmenu-left.php(316): wp_nav_menu(Object(stdClass))
#6 C:\xampp\htdocs\vta\wp-includes\template.php(792): require('C:\\xampp\\htdocs...')
#7 C:\xampp\htdocs\vta\wp-includes\template.php(725): load_template('C:\\xampp\\htdocs...', false, Array)
#8 C:\xampp\htdocs\vta\wp-includes\general-template.php(206): locate_template(Array, true, false, Array)
#9 C:\xampp\htdocs\vta\wp-content\themes\grandtour\header.php(378): get_template_part('/templates/temp...')
#10 C:\xampp\htdocs\vta\wp-includes\template.php(790): require_once('C:\\xampp\\htdocs...')
#11 C:\xampp\htdocs\vta\wp-includes\template.php(725): load_template('C:\\xampp\\htdocs...', true, Array)
#12 C:\xampp\htdocs\vta\wp-includes\general-template.php(48): locate_template(Array, true, true, Array)
#13 C:\xampp\htdocs\vta\wp-content\themes\grandtour\page.php(48): get_header()
#14 C:\xampp\htdocs\vta\wp-includes\template-loader.php(106): include('C:\\xampp\\htdocs...')
#15 C:\xampp\htdocs\vta\wp-blog-header.php(19): require_once('C:\\xampp\\htdocs...')
#16 C:\xampp\htdocs\vta\index.php(17): require('C:\\xampp\\htdocs...')
#17 {main}
  thrown in C:\xampp\htdocs\vta\wp-includes\class-walker-nav-menu.php on line 273

2023-11-10T02:21:43+00:00 CRITICAL Uncaught Error: Cannot use object of type stdClass as array in C:\xampp\htdocs\vta\wp-includes\class-walker-nav-menu.php:273
Stack trace:
#0 C:\xampp\htdocs\vta\wp-includes\class-wp-walker.php(147): Walker_Nav_Menu->start_el('<li id="menu-it...', Object(WP_Post), 0, Object(stdClass))
#1 C:\xampp\htdocs\vta\wp-content\themes\grandtour\lib\menu.lib.php(28): Walker->display_element(Object(WP_Post), Array, 0, 0, Array, '<li id="menu-it...')
#2 C:\xampp\htdocs\vta\wp-includes\class-wp-walker.php(247): grandtour_walker->display_element(Object(WP_Post), Array, 0, 0, Array, '<li id="menu-it...')
#3 C:\xampp\htdocs\vta\wp-includes\nav-menu-template.php(616): Walker->walk(Array, 0, Object(stdClass))
#4 C:\xampp\htdocs\vta\wp-includes\nav-menu-template.php(236): walk_nav_menu_tree(Array, 0, Object(stdClass))
#5 C:\xampp\htdocs\vta\wp-content\themes\grandtour\templates\template-topmenu-left.php(316): wp_nav_menu(Object(stdClass))
#6 C:\xampp\htdocs\vta\wp-includes\template.php(792): require('C:\\xampp\\htdocs...')
#7 C:\xampp\htdocs\vta\wp-includes\template.php(725): load_template('C:\\xampp\\htdocs...', false, Array)
#8 C:\xampp\htdocs\vta\wp-includes\general-template.php(206): locate_template(Array, true, false, Array)
#9 C:\xampp\htdocs\vta\wp-content\themes\grandtour\header.php(378): get_template_part('/templates/temp...')
#10 C:\xampp\htdocs\vta\wp-includes\template.php(790): require_once('C:\\xampp\\htdocs...')
#11 C:\xampp\htdocs\vta\wp-includes\template.php(725): load_template('C:\\xampp\\htdocs...', true, Array)
#12 C:\xampp\htdocs\vta\wp-includes\general-template.php(48): locate_template(Array, true, true, Array)
#13 C:\xampp\htdocs\vta\wp-content\themes\grandtour\page.php(48): get_header()
#14 C:\xampp\htdocs\vta\wp-includes\template-loader.php(106): include('C:\\xampp\\htdocs...')
#15 C:\xampp\htdocs\vta\wp-blog-header.php(19): require_once('C:\\xampp\\htdocs...')
#16 C:\xampp\htdocs\vta\index.php(17): require('C:\\xampp\\htdocs...')
#17 {main}
  thrown in C:\xampp\htdocs\vta\wp-includes\class-walker-nav-menu.php on line 273

2023-11-10T02:22:18+00:00 CRITICAL Uncaught Error: Cannot use object of type stdClass as array in C:\xampp\htdocs\vta\wp-includes\class-walker-nav-menu.php:273
Stack trace:
#0 C:\xampp\htdocs\vta\wp-includes\class-wp-walker.php(147): Walker_Nav_Menu->start_el('<li id="menu-it...', Object(WP_Post), 0, Object(stdClass))
#1 C:\xampp\htdocs\vta\wp-content\themes\grandtour\lib\menu.lib.php(28): Walker->display_element(Object(WP_Post), Array, 0, 0, Array, '<li id="menu-it...')
#2 C:\xampp\htdocs\vta\wp-includes\class-wp-walker.php(247): grandtour_walker->display_element(Object(WP_Post), Array, 0, 0, Array, '<li id="menu-it...')
#3 C:\xampp\htdocs\vta\wp-includes\nav-menu-template.php(616): Walker->walk(Array, 0, Object(stdClass))
#4 C:\xampp\htdocs\vta\wp-includes\nav-menu-template.php(236): walk_nav_menu_tree(Array, 0, Object(stdClass))
#5 C:\xampp\htdocs\vta\wp-content\themes\grandtour\templates\template-topmenu-left.php(316): wp_nav_menu(Object(stdClass))
#6 C:\xampp\htdocs\vta\wp-includes\template.php(792): require('C:\\xampp\\htdocs...')
#7 C:\xampp\htdocs\vta\wp-includes\template.php(725): load_template('C:\\xampp\\htdocs...', false, Array)
#8 C:\xampp\htdocs\vta\wp-includes\general-template.php(206): locate_template(Array, true, false, Array)
#9 C:\xampp\htdocs\vta\wp-content\themes\grandtour\header.php(378): get_template_part('/templates/temp...')
#10 C:\xampp\htdocs\vta\wp-includes\template.php(790): require_once('C:\\xampp\\htdocs...')
#11 C:\xampp\htdocs\vta\wp-includes\template.php(725): load_template('C:\\xampp\\htdocs...', true, Array)
#12 C:\xampp\htdocs\vta\wp-includes\general-template.php(48): locate_template(Array, true, true, Array)
#13 C:\xampp\htdocs\vta\wp-content\themes\grandtour\page.php(48): get_header()
#14 C:\xampp\htdocs\vta\wp-includes\template-loader.php(106): include('C:\\xampp\\htdocs...')
#15 C:\xampp\htdocs\vta\wp-blog-header.php(19): require_once('C:\\xampp\\htdocs...')
#16 C:\xampp\htdocs\vta\index.php(17): require('C:\\xampp\\htdocs...')
#17 {main}
  thrown in C:\xampp\htdocs\vta\wp-includes\class-walker-nav-menu.php on line 273

2023-11-10T02:22:27+00:00 CRITICAL Uncaught Error: Cannot use object of type stdClass as array in C:\xampp\htdocs\vta\wp-includes\class-walker-nav-menu.php:273
Stack trace:
#0 C:\xampp\htdocs\vta\wp-includes\class-wp-walker.php(147): Walker_Nav_Menu->start_el('<li id="menu-it...', Object(WP_Post), 0, Object(stdClass))
#1 C:\xampp\htdocs\vta\wp-content\themes\grandtour\lib\menu.lib.php(28): Walker->display_element(Object(WP_Post), Array, 0, 0, Array, '<li id="menu-it...')
#2 C:\xampp\htdocs\vta\wp-includes\class-wp-walker.php(247): grandtour_walker->display_element(Object(WP_Post), Array, 0, 0, Array, '<li id="menu-it...')
#3 C:\xampp\htdocs\vta\wp-includes\nav-menu-template.php(616): Walker->walk(Array, 0, Object(stdClass))
#4 C:\xampp\htdocs\vta\wp-includes\nav-menu-template.php(236): walk_nav_menu_tree(Array, 0, Object(stdClass))
#5 C:\xampp\htdocs\vta\wp-content\themes\grandtour\templates\template-topmenu-left.php(316): wp_nav_menu(Object(stdClass))
#6 C:\xampp\htdocs\vta\wp-includes\template.php(792): require('C:\\xampp\\htdocs...')
#7 C:\xampp\htdocs\vta\wp-includes\template.php(725): load_template('C:\\xampp\\htdocs...', false, Array)
#8 C:\xampp\htdocs\vta\wp-includes\general-template.php(206): locate_template(Array, true, false, Array)
#9 C:\xampp\htdocs\vta\wp-content\themes\grandtour\header.php(378): get_template_part('/templates/temp...')
#10 C:\xampp\htdocs\vta\wp-includes\template.php(790): require_once('C:\\xampp\\htdocs...')
#11 C:\xampp\htdocs\vta\wp-includes\template.php(725): load_template('C:\\xampp\\htdocs...', true, Array)
#12 C:\xampp\htdocs\vta\wp-includes\general-template.php(48): locate_template(Array, true, true, Array)
#13 C:\xampp\htdocs\vta\wp-content\themes\grandtour\page.php(48): get_header()
#14 C:\xampp\htdocs\vta\wp-includes\template-loader.php(106): include('C:\\xampp\\htdocs...')
#15 C:\xampp\htdocs\vta\wp-blog-header.php(19): require_once('C:\\xampp\\htdocs...')
#16 C:\xampp\htdocs\vta\index.php(17): require('C:\\xampp\\htdocs...')
#17 {main}
  thrown in C:\xampp\htdocs\vta\wp-includes\class-walker-nav-menu.php on line 273

2023-11-10T02:27:06+00:00 CRITICAL Uncaught Error: Cannot use object of type stdClass as array in C:\xampp\htdocs\vta\wp-includes\class-walker-nav-menu.php:273
Stack trace:
#0 C:\xampp\htdocs\vta\wp-includes\class-wp-walker.php(147): Walker_Nav_Menu->start_el('<li id="menu-it...', Object(WP_Post), 0, Object(stdClass))
#1 C:\xampp\htdocs\vta\wp-content\themes\grandtour\lib\menu.lib.php(28): Walker->display_element(Object(WP_Post), Array, 0, 0, Array, '<li id="menu-it...')
#2 C:\xampp\htdocs\vta\wp-includes\class-wp-walker.php(247): grandtour_walker->display_element(Object(WP_Post), Array, 0, 0, Array, '<li id="menu-it...')
#3 C:\xampp\htdocs\vta\wp-includes\nav-menu-template.php(616): Walker->walk(Array, 0, Object(stdClass))
#4 C:\xampp\htdocs\vta\wp-includes\nav-menu-template.php(236): walk_nav_menu_tree(Array, 0, Object(stdClass))
#5 C:\xampp\htdocs\vta\wp-content\themes\grandtour\templates\template-topmenu-left.php(316): wp_nav_menu(Object(stdClass))
#6 C:\xampp\htdocs\vta\wp-includes\template.php(792): require('C:\\xampp\\htdocs...')
#7 C:\xampp\htdocs\vta\wp-includes\template.php(725): load_template('C:\\xampp\\htdocs...', false, Array)
#8 C:\xampp\htdocs\vta\wp-includes\general-template.php(206): locate_template(Array, true, false, Array)
#9 C:\xampp\htdocs\vta\wp-content\themes\grandtour\header.php(378): get_template_part('/templates/temp...')
#10 C:\xampp\htdocs\vta\wp-includes\template.php(790): require_once('C:\\xampp\\htdocs...')
#11 C:\xampp\htdocs\vta\wp-includes\template.php(725): load_template('C:\\xampp\\htdocs...', true, Array)
#12 C:\xampp\htdocs\vta\wp-includes\general-template.php(48): locate_template(Array, true, true, Array)
#13 C:\xampp\htdocs\vta\wp-content\themes\grandtour\page.php(48): get_header()
#14 C:\xampp\htdocs\vta\wp-includes\template-loader.php(106): include('C:\\xampp\\htdocs...')
#15 C:\xampp\htdocs\vta\wp-blog-header.php(19): require_once('C:\\xampp\\htdocs...')
#16 C:\xampp\htdocs\vta\index.php(17): require('C:\\xampp\\htdocs...')
#17 {main}
  thrown in C:\xampp\htdocs\vta\wp-includes\class-walker-nav-menu.php on line 273

