2023-12-21T08:54:37+00:00 CRITICAL Uncaught TypeError: call_user_func_array(): Argument #1 ($callback) must be a valid callback, function "addons_list_page" not found or invalid function name in C:\xampp\htdocs\vta\wp-includes\class-wp-hook.php:324
Stack trace:
#0 C:\xampp\htdocs\vta\wp-includes\class-wp-hook.php(348): WP_Hook->apply_filters(NULL, Array)
#1 C:\xampp\htdocs\vta\wp-includes\plugin.php(517): WP_Hook->do_action(Array)
#2 C:\xampp\htdocs\vta\wp-admin\admin.php(259): do_action('toplevel_page_p...')
#3 {main}
  thrown in C:\xampp\htdocs\vta\wp-includes\class-wp-hook.php on line 324

2023-12-21T08:54:40+00:00 CRITICAL Uncaught TypeError: call_user_func_array(): Argument #1 ($callback) must be a valid callback, function "addons_list_page" not found or invalid function name in C:\xampp\htdocs\vta\wp-includes\class-wp-hook.php:324
Stack trace:
#0 C:\xampp\htdocs\vta\wp-includes\class-wp-hook.php(348): WP_Hook->apply_filters(NULL, Array)
#1 C:\xampp\htdocs\vta\wp-includes\plugin.php(517): WP_Hook->do_action(Array)
#2 C:\xampp\htdocs\vta\wp-admin\admin.php(259): do_action('toplevel_page_p...')
#3 {main}
  thrown in C:\xampp\htdocs\vta\wp-includes\class-wp-hook.php on line 324

2023-12-21T09:06:04+00:00 CRITICAL Uncaught TypeError: call_user_func_array(): Argument #1 ($callback) must be a valid callback, function "addons_list_page" not found or invalid function name in C:\xampp\htdocs\vta\wp-includes\class-wp-hook.php:324
Stack trace:
#0 C:\xampp\htdocs\vta\wp-includes\class-wp-hook.php(348): WP_Hook->apply_filters(NULL, Array)
#1 C:\xampp\htdocs\vta\wp-includes\plugin.php(517): WP_Hook->do_action(Array)
#2 C:\xampp\htdocs\vta\wp-admin\admin.php(259): do_action('toplevel_page_p...')
#3 {main}
  thrown in C:\xampp\htdocs\vta\wp-includes\class-wp-hook.php on line 324

2023-12-21T09:06:07+00:00 CRITICAL Uncaught TypeError: call_user_func_array(): Argument #1 ($callback) must be a valid callback, function "addons_list_page" not found or invalid function name in C:\xampp\htdocs\vta\wp-includes\class-wp-hook.php:324
Stack trace:
#0 C:\xampp\htdocs\vta\wp-includes\class-wp-hook.php(348): WP_Hook->apply_filters(NULL, Array)
#1 C:\xampp\htdocs\vta\wp-includes\plugin.php(517): WP_Hook->do_action(Array)
#2 C:\xampp\htdocs\vta\wp-admin\admin.php(259): do_action('toplevel_page_p...')
#3 {main}
  thrown in C:\xampp\htdocs\vta\wp-includes\class-wp-hook.php on line 324

2023-12-21T12:17:21+00:00 CRITICAL Uncaught TypeError: call_user_func_array(): Argument #1 ($callback) must be a valid callback, function "addons_list_page" not found or invalid function name in C:\xampp\htdocs\vta\wp-includes\class-wp-hook.php:324
Stack trace:
#0 C:\xampp\htdocs\vta\wp-includes\class-wp-hook.php(348): WP_Hook->apply_filters(NULL, Array)
#1 C:\xampp\htdocs\vta\wp-includes\plugin.php(517): WP_Hook->do_action(Array)
#2 C:\xampp\htdocs\vta\wp-admin\admin.php(259): do_action('toplevel_page_p...')
#3 {main}
  thrown in C:\xampp\htdocs\vta\wp-includes\class-wp-hook.php on line 324

2023-12-21T12:17:24+00:00 CRITICAL Uncaught TypeError: call_user_func_array(): Argument #1 ($callback) must be a valid callback, function "addons_list_page" not found or invalid function name in C:\xampp\htdocs\vta\wp-includes\class-wp-hook.php:324
Stack trace:
#0 C:\xampp\htdocs\vta\wp-includes\class-wp-hook.php(348): WP_Hook->apply_filters(NULL, Array)
#1 C:\xampp\htdocs\vta\wp-includes\plugin.php(517): WP_Hook->do_action(Array)
#2 C:\xampp\htdocs\vta\wp-admin\admin.php(259): do_action('toplevel_page_p...')
#3 {main}
  thrown in C:\xampp\htdocs\vta\wp-includes\class-wp-hook.php on line 324

